2024-04-13 21:28:08,371 - __main__ - INFO - user:(599023792). Написал текст:(Щпоплпр). Не выбрав опцию на клавиатуре
2024-04-13 21:30:08,279 - __main__ - INFO - user:(599023792). Написал название товара:(Пица). Товаров не найдено
2024-04-13 21:30:39,593 - __main__ - INFO - user:(599023792). Написал название товара:(

Категория: Мыло туалетное
Установленная цена: шт. - 54.4
). Найдены следущие категории (['Мыло туалетное'])
2024-04-13 21:31:53,438 - __main__ - INFO - user:(599023792). Отправил фото:(./photos/photo_599023792_2024-04-13_21-31-52.jpg). Найдены следущие категории (['Пшено'])
2024-04-13 21:32:27,554 - __main__ - INFO - user:(599023792). Отправил фото:(./photos/photo_599023792_2024-04-13_21-32-26.jpg). Найдены следущие категории (['Пшено'])
2024-04-13 21:35:04,914 - __main__ - INFO - user:(599023792). Отправил фото:(./photos/photo_599023792_2024-04-13_21-35-04.jpg). Найдены следущие категории (['Пшено'])
2024-04-13 21:35:20,487 - __main__ - INFO - user:(599023792). Отправил фото:(./photos/photo_599023792_2024-04-13_21-35-16.jpg). Категорий не найдено
2024-04-13 21:35:22,680 - __main__ - INFO - user:(599023792). Написал текст:(Гн). Не выбрав опцию на клавиатуре
2024-04-13 21:35:34,777 - __main__ - INFO - user:(599023792). Отправил фото:(./photos/photo_599023792_2024-04-13_21-35-34.jpg). Найдены следущие категории (['Пшено'])
2024-04-13 21:35:41,070 - __main__ - INFO - user:(599023792). Отправил координаты:(Location(latitude=55.186781, longitude=30.149542)). Ближайший адрес: ул. Артема, 75/77, Расстояние: 719.38 км
2024-04-13 21:35:41,179 - __main__ - INFO - user:(599023792). Отправил координаты:((55.186781, 30.149542)). И не выбрал опцию
2024-04-13 21:36:05,591 - __main__ - INFO - user:(599023792). Отправил фото:(./photos/photo_599023792_2024-04-13_21-36-01.jpg). Категорий не найдено
2024-04-13 21:37:09,817 - __main__ - INFO - user:(599023792). Отправил фото:(./photos/photo_599023792_2024-04-13_21-37-06.jpg). Категорий не найдено
2024-04-13 21:37:18,911 - __main__ - INFO - user:(599023792). Отправил фото:(./photos/photo_599023792_2024-04-13_21-37-15.jpg). Категорий не найдено
2024-04-13 21:37:25,276 - __main__ - INFO - user:(599023792). Отправил фото:(./photos/photo_599023792_2024-04-13_21-37-24.jpg). Найдены следущие категории (['Пшено'])
2024-04-13 21:37:32,633 - __main__ - INFO - user:(599023792). Отправил координаты:(Location(latitude=55.186781, longitude=30.149542)). Ближайший адрес: ул. Артема, 75/77, Расстояние: 719.38 км
2024-04-13 21:37:32,752 - __main__ - INFO - user:(599023792). Отправил координаты:((55.186781, 30.149542)). И не выбрал опцию
2024-04-13 21:38:04,846 - __main__ - INFO - user:(599023792). Отправил фото:(./photos/photo_599023792_2024-04-13_21-38-04.jpg). Найдены следущие категории (['Пшено'])
2024-04-13 21:38:08,721 - __main__ - INFO - user:(599023792). Отправил координаты:(Location(latitude=55.186781, longitude=30.149542)). Ближайший адрес: ул. Артема, 75/77, Расстояние: 719.38 км
2024-04-13 21:38:08,831 - __main__ - INFO - user:(599023792). Отправил координаты:((55.186781, 30.149542)). И не выбрал опцию
2024-04-13 21:39:14,304 - __main__ - INFO - user:(599023792). Отправил фото:(./photos/photo_599023792_2024-04-13_21-39-10.jpg). Категорий не найдено
2024-04-13 21:40:38,359 - __main__ - INFO - user:(599023792). Отправил фото:(./photos/photo_599023792_2024-04-13_21-40-34.jpg). Категорий не найдено
2024-04-13 21:40:47,850 - __main__ - INFO - user:(599023792). Отправил фото:(./photos/photo_599023792_2024-04-13_21-40-47.jpg). Найдены следущие категории (['Пшено'])
2024-04-13 21:40:51,568 - __main__ - INFO - user:(599023792). Отправил координаты:(Location(latitude=55.186781, longitude=30.149542)). Ближайший адрес: ул. Артема, 75/77, Расстояние: 719.38 км
2024-04-13 21:40:51,710 - __main__ - INFO - user:(599023792). Отправил координаты:((55.186781, 30.149542)). И не выбрал опцию
2024-04-13 21:41:46,557 - __main__ - INFO - user:(599023792). Отправил фото:(./photos/photo_599023792_2024-04-13_21-41-45.jpg). Найдены следущие категории (['Пшено'])
2024-04-13 21:41:51,236 - __main__ - INFO - user:(599023792). Отправил координаты:(Location(latitude=55.186781, longitude=30.149542)). Ближайший адрес: ул. Артема, 75/77, Расстояние: 719.38 км
2024-04-13 21:42:01,188 - __main__ - INFO - user:(599023792). Отправил координаты:(Location(latitude=55.187127, longitude=30.149541)). И не выбрал опцию
2024-04-13 21:42:06,552 - __main__ - INFO - user:(599023792). Отправил координаты:(Location(latitude=55.186869, longitude=30.149278)). Ближайший адрес: ул. Артема, 75/77, Расстояние: 719.40 км
2024-04-13 21:42:11,506 - __main__ - INFO - user:(599023792). Отправил координаты:(Location(latitude=55.186781, longitude=30.149542)). И не выбрал опцию
2024-04-13 21:42:18,221 - __main__ - INFO - user:(599023792). Написал название товара:(Мыло). Найдены следущие категории (['Мыло туалетное'])
